<?xml version="1.0" encoding="UTF-8"?>
<coverage generated="1680041644976" clover="3.2.0">
  <project timestamp="1680041644976" name="All files">
    <metrics statements="94" coveredstatements="57" conditionals="55" coveredconditionals="15" methods="38" coveredmethods="26" elements="187" coveredelements="98" complexity="0" loc="94" ncloc="94" packages="4" files="18" classes="18"/>
    <package name="src">
      <metrics statements="3" coveredstatements="3" conditionals="0" coveredconditionals="0" methods="1" coveredmethods="1"/>
      <file name="App.tsx" path="C:/E/JS/rs_school/react/react-components/react-components/src/App.tsx">
        <metrics statements="1" coveredstatements="1" conditionals="0" coveredconditionals="0" methods="1" coveredmethods="1"/>
        <line num="13" count="3" type="stmt"/>
      </file>
      <file name="data.tsx" path="C:/E/JS/rs_school/react/react-components/react-components/src/data.tsx">
        <metrics statements="2" coveredstatements="2" conditionals="0" coveredconditionals="0" methods="0" coveredmethods="0"/>
        <line num="3" count="4" type="stmt"/>
        <line num="1896" count="4" type="stmt"/>
      </file>
    </package>
    <package name="src.components">
      <metrics statements="17" coveredstatements="13" conditionals="2" coveredconditionals="2" methods="9" coveredmethods="7"/>
      <file name="Cart.tsx" path="C:/E/JS/rs_school/react/react-components/react-components/src/components/Cart.tsx">
        <metrics statements="6" coveredstatements="5" conditionals="0" coveredconditionals="0" methods="3" coveredmethods="2"/>
        <line num="8" count="200" type="stmt"/>
        <line num="9" count="200" type="stmt"/>
        <line num="10" count="200" type="stmt"/>
        <line num="14" count="0" type="stmt"/>
        <line num="18" count="200" type="stmt"/>
        <line num="19" count="200" type="stmt"/>
      </file>
      <file name="CartList.tsx" path="C:/E/JS/rs_school/react/react-components/react-components/src/components/CartList.tsx">
        <metrics statements="2" coveredstatements="2" conditionals="0" coveredconditionals="0" methods="2" coveredmethods="2"/>
        <line num="10" count="2" type="stmt"/>
        <line num="13" count="200" type="stmt"/>
      </file>
      <file name="Footer.tsx" path="C:/E/JS/rs_school/react/react-components/react-components/src/components/Footer.tsx">
        <metrics statements="1" coveredstatements="1" conditionals="0" coveredconditionals="0" methods="1" coveredmethods="1"/>
        <line num="8" count="5" type="stmt"/>
      </file>
      <file name="Header.tsx" path="C:/E/JS/rs_school/react/react-components/react-components/src/components/Header.tsx">
        <metrics statements="1" coveredstatements="1" conditionals="0" coveredconditionals="0" methods="1" coveredmethods="1"/>
        <line num="7" count="6" type="stmt"/>
      </file>
      <file name="SearchBar.tsx" path="C:/E/JS/rs_school/react/react-components/react-components/src/components/SearchBar.tsx">
        <metrics statements="7" coveredstatements="4" conditionals="2" coveredconditionals="2" methods="2" coveredmethods="1"/>
        <line num="6" count="2" type="cond" truecount="2" falsecount="0"/>
        <line num="8" count="2" type="stmt"/>
        <line num="9" count="0" type="stmt"/>
        <line num="10" count="0" type="stmt"/>
        <line num="11" count="0" type="stmt"/>
        <line num="15" count="2" type="stmt"/>
        <line num="16" count="2" type="stmt"/>
      </file>
    </package>
    <package name="src.components.forms">
      <metrics statements="26" coveredstatements="19" conditionals="12" coveredconditionals="12" methods="16" coveredmethods="13"/>
      <file name="UserBirthdate.tsx" path="C:/E/JS/rs_school/react/react-components/react-components/src/components/forms/UserBirthdate.tsx">
        <metrics statements="3" coveredstatements="3" conditionals="2" coveredconditionals="2" methods="2" coveredmethods="2"/>
        <line num="6" count="7" type="stmt"/>
        <line num="7" count="7" type="stmt"/>
        <line num="11" count="7" type="stmt"/>
      </file>
      <file name="UserCard.tsx" path="C:/E/JS/rs_school/react/react-components/react-components/src/components/forms/UserCard.tsx">
        <metrics statements="7" coveredstatements="0" conditionals="0" coveredconditionals="0" methods="3" coveredmethods="0"/>
        <line num="6" count="0" type="stmt"/>
        <line num="7" count="0" type="stmt"/>
        <line num="8" count="0" type="stmt"/>
        <line num="12" count="0" type="stmt"/>
        <line num="16" count="0" type="stmt"/>
        <line num="17" count="0" type="stmt"/>
        <line num="18" count="0" type="stmt"/>
      </file>
      <file name="UserCountry.tsx" path="C:/E/JS/rs_school/react/react-components/react-components/src/components/forms/UserCountry.tsx">
        <metrics statements="4" coveredstatements="4" conditionals="2" coveredconditionals="2" methods="3" coveredmethods="3"/>
        <line num="7" count="7" type="stmt"/>
        <line num="8" count="7" type="stmt"/>
        <line num="12" count="7" type="stmt"/>
        <line num="18" count="126" type="stmt"/>
      </file>
      <file name="UserFile.tsx" path="C:/E/JS/rs_school/react/react-components/react-components/src/components/forms/UserFile.tsx">
        <metrics statements="3" coveredstatements="3" conditionals="2" coveredconditionals="2" methods="2" coveredmethods="2"/>
        <line num="6" count="7" type="stmt"/>
        <line num="7" count="7" type="stmt"/>
        <line num="11" count="7" type="stmt"/>
      </file>
      <file name="UserGender.tsx" path="C:/E/JS/rs_school/react/react-components/react-components/src/components/forms/UserGender.tsx">
        <metrics statements="3" coveredstatements="3" conditionals="2" coveredconditionals="2" methods="2" coveredmethods="2"/>
        <line num="6" count="8" type="stmt"/>
        <line num="7" count="8" type="stmt"/>
        <line num="11" count="8" type="stmt"/>
      </file>
      <file name="UserName.tsx" path="C:/E/JS/rs_school/react/react-components/react-components/src/components/forms/UserName.tsx">
        <metrics statements="3" coveredstatements="3" conditionals="2" coveredconditionals="2" methods="2" coveredmethods="2"/>
        <line num="6" count="7" type="stmt"/>
        <line num="7" count="7" type="stmt"/>
        <line num="11" count="7" type="stmt"/>
      </file>
      <file name="UserUpdatesAgree.tsx" path="C:/E/JS/rs_school/react/react-components/react-components/src/components/forms/UserUpdatesAgree.tsx">
        <metrics statements="3" coveredstatements="3" conditionals="2" coveredconditionals="2" methods="2" coveredmethods="2"/>
        <line num="6" count="7" type="stmt"/>
        <line num="7" count="7" type="stmt"/>
        <line num="11" count="7" type="stmt"/>
      </file>
    </package>
    <package name="src.pages">
      <metrics statements="48" coveredstatements="22" conditionals="41" coveredconditionals="1" methods="12" coveredmethods="5"/>
      <file name="AboutUsPage.tsx" path="C:/E/JS/rs_school/react/react-components/react-components/src/pages/AboutUsPage.tsx">
        <metrics statements="1" coveredstatements="1" conditionals="0" coveredconditionals="0" methods="1" coveredmethods="1"/>
        <line num="4" count="2" type="stmt"/>
      </file>
      <file name="FormPage.tsx" path="C:/E/JS/rs_school/react/react-components/react-components/src/pages/FormPage.tsx">
        <metrics statements="45" coveredstatements="19" conditionals="41" coveredconditionals="1" methods="9" coveredmethods="2"/>
        <line num="32" count="6" type="stmt"/>
        <line num="33" count="6" type="stmt"/>
        <line num="34" count="6" type="stmt"/>
        <line num="35" count="6" type="stmt"/>
        <line num="36" count="6" type="stmt"/>
        <line num="37" count="6" type="stmt"/>
        <line num="38" count="6" type="stmt"/>
        <line num="39" count="6" type="stmt"/>
        <line num="40" count="6" type="stmt"/>
        <line num="41" count="6" type="stmt"/>
        <line num="42" count="6" type="stmt"/>
        <line num="43" count="6" type="stmt"/>
        <line num="44" count="6" type="stmt"/>
        <line num="45" count="6" type="stmt"/>
        <line num="46" count="6" type="stmt"/>
        <line num="47" count="6" type="stmt"/>
        <line num="48" count="6" type="stmt"/>
        <line num="49" count="6" type="stmt"/>
        <line num="53" count="0" type="cond" truecount="0" falsecount="2"/>
        <line num="58" count="0" type="cond" truecount="0" falsecount="2"/>
        <line num="59" count="0" type="cond" truecount="0" falsecount="2"/>
        <line num="60" count="0" type="stmt"/>
        <line num="64" count="0" type="cond" truecount="0" falsecount="2"/>
        <line num="65" count="0" type="cond" truecount="0" falsecount="2"/>
        <line num="66" count="0" type="cond" truecount="0" falsecount="5"/>
        <line num="67" count="0" type="stmt"/>
        <line num="68" count="0" type="stmt"/>
        <line num="72" count="0" type="stmt"/>
        <line num="73" count="0" type="stmt"/>
        <line num="77" count="0" type="stmt"/>
        <line num="88" count="0" type="stmt"/>
        <line num="89" count="0" type="stmt"/>
        <line num="90" count="0" type="stmt"/>
        <line num="91" count="0" type="stmt"/>
        <line num="95" count="0" type="stmt"/>
        <line num="96" count="0" type="stmt"/>
        <line num="100" count="0" type="cond" truecount="0" falsecount="2"/>
        <line num="101" count="0" type="cond" truecount="0" falsecount="2"/>
        <line num="102" count="0" type="cond" truecount="0" falsecount="2"/>
        <line num="103" count="0" type="cond" truecount="0" falsecount="2"/>
        <line num="104" count="0" type="cond" truecount="0" falsecount="2"/>
        <line num="105" count="0" type="cond" truecount="0" falsecount="2"/>
        <line num="106" count="0" type="cond" truecount="0" falsecount="2"/>
        <line num="110" count="6" type="stmt"/>
        <line num="149" count="0" type="stmt"/>
      </file>
      <file name="HomePage.tsx" path="C:/E/JS/rs_school/react/react-components/react-components/src/pages/HomePage.tsx">
        <metrics statements="1" coveredstatements="1" conditionals="0" coveredconditionals="0" methods="1" coveredmethods="1"/>
        <line num="7" count="2" type="stmt"/>
      </file>
      <file name="NotFoundPage.tsx" path="C:/E/JS/rs_school/react/react-components/react-components/src/pages/NotFoundPage.tsx">
        <metrics statements="1" coveredstatements="1" conditionals="0" coveredconditionals="0" methods="1" coveredmethods="1"/>
        <line num="4" count="2" type="stmt"/>
      </file>
    </package>
  </project>
</coverage>
