{
  "C:/E/JS/rs_school/react/react-components/react-components/src/App.tsx": {
    "path": "C:/E/JS/rs_school/react/react-components/react-components/src/App.tsx",
    "statementMap": {
      "0": { "start": { "line": 13, "column": 2 }, "end": { "line": 23, "column": null } }
    },
    "fnMap": {
      "0": {
        "name": "App",
        "decl": { "start": { "line": 12, "column": 9 }, "end": { "line": 12, "column": 15 } },
        "loc": { "start": { "line": 12, "column": 15 }, "end": { "line": 25, "column": null } }
      }
    },
    "branchMap": {},
    "s": { "0": 3 },
    "f": { "0": 3 },
    "b": {}
  },
  "C:/E/JS/rs_school/react/react-components/react-components/src/data.tsx": {
    "path": "C:/E/JS/rs_school/react/react-components/react-components/src/data.tsx",
    "statementMap": {
      "0": { "start": { "line": 3, "column": 40 }, "end": { "line": 1892, "column": null } },
      "1": { "start": { "line": 1896, "column": 33 }, "end": { "line": 1915, "column": null } },
      "2": { "start": { "line": 1917, "column": 37 }, "end": { "line": 1984, "column": null } }
    },
    "fnMap": {},
    "branchMap": {},
    "s": { "0": 3, "1": 3, "2": 3 },
    "f": {},
    "b": {}
  },
  "C:/E/JS/rs_school/react/react-components/react-components/src/components/Cart.tsx": {
    "path": "C:/E/JS/rs_school/react/react-components/react-components/src/components/Cart.tsx",
    "statementMap": {
      "0": { "start": { "line": 7, "column": 13 }, "end": { "line": 25, "column": null } },
      "1": { "start": { "line": 8, "column": 40 }, "end": { "line": 8, "column": null } },
      "2": { "start": { "line": 9, "column": 50 }, "end": { "line": 9, "column": null } },
      "3": { "start": { "line": 10, "column": 2 }, "end": { "line": 23, "column": null } },
      "4": { "start": { "line": 14, "column": 21 }, "end": { "line": 14, "column": null } }
    },
    "fnMap": {
      "0": {
        "name": "(anonymous_0)",
        "decl": { "start": { "line": 7, "column": 13 }, "end": { "line": 7, "column": 14 } },
        "loc": { "start": { "line": 7, "column": 45 }, "end": { "line": 25, "column": null } }
      },
      "1": {
        "name": "(anonymous_1)",
        "decl": { "start": { "line": 14, "column": 15 }, "end": { "line": 14, "column": 21 } },
        "loc": { "start": { "line": 14, "column": 21 }, "end": { "line": 14, "column": null } }
      }
    },
    "branchMap": {
      "0": {
        "loc": { "start": { "line": 20, "column": 7 }, "end": { "line": 21, "column": null } },
        "type": "binary-expr",
        "locations": [
          { "start": { "line": 20, "column": 7 }, "end": { "line": 20, "column": null } },
          { "start": { "line": 21, "column": 8 }, "end": { "line": 21, "column": null } }
        ]
      }
    },
    "s": { "0": 2, "1": 1, "2": 1, "3": 1, "4": 0 },
    "f": { "0": 1, "1": 0 },
    "b": { "0": [1, 0] }
  },
  "C:/E/JS/rs_school/react/react-components/react-components/src/components/CartList.tsx": {
    "path": "C:/E/JS/rs_school/react/react-components/react-components/src/components/CartList.tsx",
    "statementMap": {
      "0": { "start": { "line": 6, "column": 17 }, "end": { "line": 15, "column": null } },
      "1": { "start": { "line": 7, "column": 2 }, "end": { "line": 13, "column": null } },
      "2": { "start": { "line": 11, "column": 10 }, "end": { "line": 11, "column": null } }
    },
    "fnMap": {
      "0": {
        "name": "(anonymous_0)",
        "decl": { "start": { "line": 6, "column": 17 }, "end": { "line": 6, "column": 18 } },
        "loc": { "start": { "line": 6, "column": 50 }, "end": { "line": 15, "column": null } }
      },
      "1": {
        "name": "(anonymous_1)",
        "decl": { "start": { "line": 10, "column": 34 }, "end": { "line": 10, "column": 35 } },
        "loc": { "start": { "line": 11, "column": 10 }, "end": { "line": 11, "column": null } }
      }
    },
    "branchMap": {
      "0": {
        "loc": { "start": { "line": 9, "column": 7 }, "end": { "line": 12, "column": null } },
        "type": "binary-expr",
        "locations": [
          { "start": { "line": 9, "column": 7 }, "end": { "line": 9, "column": null } },
          { "start": { "line": 10, "column": 8 }, "end": { "line": 12, "column": null } }
        ]
      }
    },
    "s": { "0": 2, "1": 1, "2": 1 },
    "f": { "0": 1, "1": 1 },
    "b": { "0": [1, 1] }
  },
  "C:/E/JS/rs_school/react/react-components/react-components/src/components/CartModal.tsx": {
    "path": "C:/E/JS/rs_school/react/react-components/react-components/src/components/CartModal.tsx",
    "statementMap": {
      "0": { "start": { "line": 6, "column": 18 }, "end": { "line": 60, "column": null } },
      "1": { "start": { "line": 7, "column": 58 }, "end": { "line": 7, "column": null } },
      "2": { "start": { "line": 8, "column": 2 }, "end": { "line": 58, "column": null } },
      "3": { "start": { "line": 12, "column": 23 }, "end": { "line": 12, "column": null } },
      "4": { "start": { "line": 13, "column": 8 }, "end": { "line": 15, "column": null } },
      "5": { "start": { "line": 14, "column": 10 }, "end": { "line": 14, "column": null } },
      "6": { "start": { "line": 16, "column": 8 }, "end": { "line": 16, "column": null } }
    },
    "fnMap": {
      "0": {
        "name": "(anonymous_0)",
        "decl": { "start": { "line": 6, "column": 18 }, "end": { "line": 6, "column": 19 } },
        "loc": { "start": { "line": 6, "column": 44 }, "end": { "line": 60, "column": null } }
      },
      "1": {
        "name": "(anonymous_1)",
        "decl": { "start": { "line": 11, "column": 15 }, "end": { "line": 11, "column": 16 } },
        "loc": { "start": { "line": 11, "column": 26 }, "end": { "line": 17, "column": null } }
      }
    },
    "branchMap": {
      "0": {
        "loc": { "start": { "line": 13, "column": 8 }, "end": { "line": 15, "column": null } },
        "type": "if",
        "locations": [
          { "start": { "line": 13, "column": 8 }, "end": { "line": 15, "column": null } },
          { "start": { "line": 13, "column": 8 }, "end": { "line": 15, "column": null } }
        ]
      },
      "1": {
        "loc": { "start": { "line": 13, "column": 12 }, "end": { "line": 13, "column": 88 } },
        "type": "binary-expr",
        "locations": [
          { "start": { "line": 13, "column": 12 }, "end": { "line": 13, "column": 51 } },
          { "start": { "line": 13, "column": 51 }, "end": { "line": 13, "column": 88 } }
        ]
      }
    },
    "s": { "0": 2, "1": 2, "2": 2, "3": 1, "4": 1, "5": 1, "6": 1 },
    "f": { "0": 2, "1": 1 },
    "b": { "0": [1, 0], "1": [1, 1] }
  },
  "C:/E/JS/rs_school/react/react-components/react-components/src/components/Footer.tsx": {
    "path": "C:/E/JS/rs_school/react/react-components/react-components/src/components/Footer.tsx",
    "statementMap": {
      "0": { "start": { "line": 5, "column": 15 }, "end": { "line": 30, "column": null } },
      "1": { "start": { "line": 6, "column": 2 }, "end": { "line": 28, "column": null } }
    },
    "fnMap": {
      "0": {
        "name": "(anonymous_0)",
        "decl": { "start": { "line": 5, "column": 15 }, "end": { "line": 5, "column": 21 } },
        "loc": { "start": { "line": 5, "column": 21 }, "end": { "line": 30, "column": null } }
      }
    },
    "branchMap": {},
    "s": { "0": 2, "1": 5 },
    "f": { "0": 5 },
    "b": {}
  },
  "C:/E/JS/rs_school/react/react-components/react-components/src/components/Header.tsx": {
    "path": "C:/E/JS/rs_school/react/react-components/react-components/src/components/Header.tsx",
    "statementMap": {
      "0": { "start": { "line": 7, "column": 2 }, "end": { "line": 26, "column": null } }
    },
    "fnMap": {
      "0": {
        "name": "Header",
        "decl": { "start": { "line": 6, "column": 9 }, "end": { "line": 6, "column": 18 } },
        "loc": { "start": { "line": 6, "column": 18 }, "end": { "line": 28, "column": null } }
      }
    },
    "branchMap": {},
    "s": { "0": 6 },
    "f": { "0": 6 },
    "b": {}
  },
  "C:/E/JS/rs_school/react/react-components/react-components/src/components/SearchBar.tsx": {
    "path": "C:/E/JS/rs_school/react/react-components/react-components/src/components/SearchBar.tsx",
    "statementMap": {
      "0": { "start": { "line": 6, "column": 18 }, "end": { "line": 37, "column": null } },
      "1": { "start": { "line": 7, "column": 37 }, "end": { "line": 9, "column": null } },
      "2": { "start": { "line": 10, "column": 16 }, "end": { "line": 10, "column": null } },
      "3": { "start": { "line": 10, "column": 42 }, "end": { "line": 10, "column": 66 } },
      "4": { "start": { "line": 11, "column": 26 }, "end": { "line": 11, "column": null } },
      "5": { "start": { "line": 18, "column": 53 }, "end": { "line": 20, "column": null } },
      "6": { "start": { "line": 19, "column": 4 }, "end": { "line": 19, "column": null } },
      "7": { "start": { "line": 22, "column": 2 }, "end": { "line": 35, "column": null } }
    },
    "fnMap": {
      "0": {
        "name": "(anonymous_0)",
        "decl": { "start": { "line": 6, "column": 18 }, "end": { "line": 6, "column": 24 } },
        "loc": { "start": { "line": 6, "column": 24 }, "end": { "line": 37, "column": null } }
      },
      "1": {
        "name": "(anonymous_1)",
        "decl": { "start": { "line": 10, "column": 31 }, "end": { "line": 10, "column": 32 } },
        "loc": { "start": { "line": 10, "column": 42 }, "end": { "line": 10, "column": 66 } }
      },
      "2": {
        "name": "(anonymous_2)",
        "decl": { "start": { "line": 18, "column": 53 }, "end": { "line": 18, "column": 54 } },
        "loc": { "start": { "line": 18, "column": 63 }, "end": { "line": 20, "column": null } }
      }
    },
    "branchMap": {},
    "s": { "0": 2, "1": 5, "2": 5, "3": 12, "4": 5, "5": 5, "6": 0, "7": 5 },
    "f": { "0": 5, "1": 12, "2": 0 },
    "b": {}
  },
  "C:/E/JS/rs_school/react/react-components/react-components/src/components/forms/UserCard.tsx": {
    "path": "C:/E/JS/rs_school/react/react-components/react-components/src/components/forms/UserCard.tsx",
    "statementMap": {
      "0": { "start": { "line": 4, "column": 17 }, "end": { "line": 38, "column": null } },
      "1": { "start": { "line": 5, "column": 33 }, "end": { "line": 5, "column": null } },
      "2": { "start": { "line": 6, "column": 2 }, "end": { "line": 36, "column": null } }
    },
    "fnMap": {
      "0": {
        "name": "(anonymous_0)",
        "decl": { "start": { "line": 4, "column": 17 }, "end": { "line": 4, "column": 18 } },
        "loc": { "start": { "line": 4, "column": 49 }, "end": { "line": 38, "column": null } }
      }
    },
    "branchMap": {},
    "s": { "0": 3, "1": 3, "2": 3 },
    "f": { "0": 3 },
    "b": {}
  },
  "C:/E/JS/rs_school/react/react-components/react-components/src/hooks/redux.ts": {
    "path": "C:/E/JS/rs_school/react/react-components/react-components/src/hooks/redux.ts",
    "statementMap": {
      "0": { "start": { "line": 7, "column": 16 }, "end": { "line": 10, "column": null } },
      "1": { "start": { "line": 12, "column": 26 }, "end": { "line": 15, "column": null } },
      "2": { "start": { "line": 13, "column": 19 }, "end": { "line": 13, "column": null } },
      "3": { "start": { "line": 14, "column": 2 }, "end": { "line": 14, "column": null } },
      "4": { "start": { "line": 17, "column": 63 }, "end": { "line": 17, "column": null } }
    },
    "fnMap": {
      "0": {
        "name": "(anonymous_0)",
        "decl": { "start": { "line": 12, "column": 26 }, "end": { "line": 12, "column": 32 } },
        "loc": { "start": { "line": 12, "column": 32 }, "end": { "line": 15, "column": null } }
      }
    },
    "branchMap": {},
    "s": { "0": 3, "1": 3, "2": 16, "3": 16, "4": 3 },
    "f": { "0": 16 },
    "b": {}
  },
  "C:/E/JS/rs_school/react/react-components/react-components/src/pages/AboutUsPage.tsx": {
    "path": "C:/E/JS/rs_school/react/react-components/react-components/src/pages/AboutUsPage.tsx",
    "statementMap": {
      "0": { "start": { "line": 4, "column": 2 }, "end": { "line": 4, "column": null } }
    },
    "fnMap": {
      "0": {
        "name": "AboutUsPage",
        "decl": { "start": { "line": 3, "column": 9 }, "end": { "line": 3, "column": 23 } },
        "loc": { "start": { "line": 3, "column": 23 }, "end": { "line": 5, "column": null } }
      }
    },
    "branchMap": {},
    "s": { "0": 2 },
    "f": { "0": 2 },
    "b": {}
  },
  "C:/E/JS/rs_school/react/react-components/react-components/src/pages/FormPage.tsx": {
    "path": "C:/E/JS/rs_school/react/react-components/react-components/src/pages/FormPage.tsx",
    "statementMap": {
      "0": { "start": { "line": 16, "column": 6 }, "end": { "line": 25, "column": null } },
      "1": { "start": { "line": 26, "column": 23 }, "end": { "line": 26, "column": null } },
      "2": { "start": { "line": 26, "column": 49 }, "end": { "line": 26, "column": 63 } },
      "3": { "start": { "line": 27, "column": 24 }, "end": { "line": 27, "column": null } },
      "4": { "start": { "line": 28, "column": 40 }, "end": { "line": 28, "column": null } },
      "5": { "start": { "line": 29, "column": 19 }, "end": { "line": 44, "column": null } },
      "6": { "start": { "line": 30, "column": 35 }, "end": { "line": 37, "column": null } },
      "7": { "start": { "line": 38, "column": 4 }, "end": { "line": 38, "column": null } },
      "8": { "start": { "line": 39, "column": 4 }, "end": { "line": 39, "column": null } },
      "9": { "start": { "line": 40, "column": 4 }, "end": { "line": 40, "column": null } },
      "10": { "start": { "line": 41, "column": 4 }, "end": { "line": 41, "column": null } },
      "11": { "start": { "line": 42, "column": 4 }, "end": { "line": 42, "column": null } },
      "12": { "start": { "line": 42, "column": 21 }, "end": { "line": 42, "column": 44 } },
      "13": { "start": { "line": 43, "column": 4 }, "end": { "line": 43, "column": null } },
      "14": { "start": { "line": 46, "column": 2 }, "end": { "line": 170, "column": null } },
      "15": { "start": { "line": 87, "column": 37 }, "end": { "line": 87, "column": null } },
      "16": { "start": { "line": 92, "column": 16 }, "end": { "line": 94, "column": null } },
      "17": { "start": { "line": 167, "column": 10 }, "end": { "line": 167, "column": null } }
    },
    "fnMap": {
      "0": {
        "name": "UserForm",
        "decl": { "start": { "line": 10, "column": 9 }, "end": { "line": 10, "column": 20 } },
        "loc": { "start": { "line": 10, "column": 20 }, "end": { "line": 172, "column": null } }
      },
      "1": {
        "name": "(anonymous_1)",
        "decl": { "start": { "line": 26, "column": 38 }, "end": { "line": 26, "column": 39 } },
        "loc": { "start": { "line": 26, "column": 49 }, "end": { "line": 26, "column": 63 } }
      },
      "2": {
        "name": "(anonymous_2)",
        "decl": { "start": { "line": 29, "column": 19 }, "end": { "line": 29, "column": 20 } },
        "loc": { "start": { "line": 29, "column": 42 }, "end": { "line": 44, "column": null } }
      },
      "3": {
        "name": "(anonymous_3)",
        "decl": { "start": { "line": 42, "column": 15 }, "end": { "line": 42, "column": 21 } },
        "loc": { "start": { "line": 42, "column": 21 }, "end": { "line": 42, "column": 44 } }
      },
      "4": {
        "name": "(anonymous_4)",
        "decl": { "start": { "line": 87, "column": 26 }, "end": { "line": 87, "column": 27 } },
        "loc": { "start": { "line": 87, "column": 37 }, "end": { "line": 87, "column": null } }
      },
      "5": {
        "name": "(anonymous_5)",
        "decl": { "start": { "line": 91, "column": 27 }, "end": { "line": 91, "column": 28 } },
        "loc": { "start": { "line": 92, "column": 16 }, "end": { "line": 94, "column": null } }
      },
      "6": {
        "name": "(anonymous_6)",
        "decl": { "start": { "line": 166, "column": 22 }, "end": { "line": 166, "column": 23 } },
        "loc": { "start": { "line": 167, "column": 10 }, "end": { "line": 167, "column": null } }
      }
    },
    "branchMap": {
      "0": {
        "loc": { "start": { "line": 34, "column": 17 }, "end": { "line": 34, "column": null } },
        "type": "cond-expr",
        "locations": [
          { "start": { "line": 34, "column": 34 }, "end": { "line": 34, "column": 75 } },
          { "start": { "line": 34, "column": 75 }, "end": { "line": 34, "column": null } }
        ]
      },
      "1": {
        "loc": { "start": { "line": 62, "column": 11 }, "end": { "line": 65, "column": null } },
        "type": "binary-expr",
        "locations": [
          { "start": { "line": 62, "column": 11 }, "end": { "line": 62, "column": null } },
          { "start": { "line": 63, "column": 12 }, "end": { "line": 65, "column": null } }
        ]
      },
      "2": {
        "loc": { "start": { "line": 79, "column": 11 }, "end": { "line": 79, "column": null } },
        "type": "binary-expr",
        "locations": [
          { "start": { "line": 79, "column": 11 }, "end": { "line": 79, "column": 36 } },
          { "start": { "line": 79, "column": 36 }, "end": { "line": 79, "column": null } }
        ]
      },
      "3": {
        "loc": { "start": { "line": 98, "column": 11 }, "end": { "line": 98, "column": null } },
        "type": "binary-expr",
        "locations": [
          { "start": { "line": 98, "column": 11 }, "end": { "line": 98, "column": 33 } },
          { "start": { "line": 98, "column": 33 }, "end": { "line": 98, "column": null } }
        ]
      },
      "4": {
        "loc": { "start": { "line": 110, "column": 11 }, "end": { "line": 110, "column": null } },
        "type": "binary-expr",
        "locations": [
          { "start": { "line": 110, "column": 11 }, "end": { "line": 110, "column": 31 } },
          { "start": { "line": 110, "column": 31 }, "end": { "line": 110, "column": null } }
        ]
      },
      "5": {
        "loc": { "start": { "line": 139, "column": 11 }, "end": { "line": 139, "column": null } },
        "type": "binary-expr",
        "locations": [
          { "start": { "line": 139, "column": 11 }, "end": { "line": 139, "column": 32 } },
          { "start": { "line": 139, "column": 32 }, "end": { "line": 139, "column": null } }
        ]
      },
      "6": {
        "loc": { "start": { "line": 153, "column": 11 }, "end": { "line": 153, "column": null } },
        "type": "binary-expr",
        "locations": [
          { "start": { "line": 153, "column": 11 }, "end": { "line": 153, "column": 31 } },
          { "start": { "line": 153, "column": 31 }, "end": { "line": 153, "column": null } }
        ]
      },
      "7": {
        "loc": { "start": { "line": 163, "column": 9 }, "end": { "line": 163, "column": null } },
        "type": "binary-expr",
        "locations": [
          { "start": { "line": 163, "column": 9 }, "end": { "line": 163, "column": 24 } },
          { "start": { "line": 163, "column": 24 }, "end": { "line": 163, "column": null } }
        ]
      }
    },
    "s": {
      "0": 11,
      "1": 11,
      "2": 13,
      "3": 11,
      "4": 11,
      "5": 11,
      "6": 1,
      "7": 1,
      "8": 1,
      "9": 1,
      "10": 1,
      "11": 1,
      "12": 0,
      "13": 1,
      "14": 11,
      "15": 1,
      "16": 198,
      "17": 2
    },
    "f": { "0": 11, "1": 13, "2": 1, "3": 0, "4": 1, "5": 198, "6": 2 },
    "b": {
      "0": [1, 0],
      "1": [11, 0],
      "2": [11, 0],
      "3": [11, 0],
      "4": [11, 0],
      "5": [11, 0],
      "6": [11, 0],
      "7": [11, 2]
    }
  },
  "C:/E/JS/rs_school/react/react-components/react-components/src/pages/HomePage.tsx": {
    "path": "C:/E/JS/rs_school/react/react-components/react-components/src/pages/HomePage.tsx",
    "statementMap": {
      "0": { "start": { "line": 9, "column": 17 }, "end": { "line": 9, "column": null } },
      "1": { "start": { "line": 9, "column": 43 }, "end": { "line": 9, "column": 67 } },
      "2": { "start": { "line": 10, "column": 39 }, "end": { "line": 10, "column": null } },
      "3": { "start": { "line": 11, "column": 2 }, "end": { "line": 11, "column": null } },
      "4": { "start": { "line": 13, "column": 2 }, "end": { "line": 24, "column": null } }
    },
    "fnMap": {
      "0": {
        "name": "HomePage",
        "decl": { "start": { "line": 8, "column": 9 }, "end": { "line": 8, "column": 20 } },
        "loc": { "start": { "line": 8, "column": 20 }, "end": { "line": 26, "column": null } }
      },
      "1": {
        "name": "(anonymous_1)",
        "decl": { "start": { "line": 9, "column": 32 }, "end": { "line": 9, "column": 33 } },
        "loc": { "start": { "line": 9, "column": 43 }, "end": { "line": 9, "column": 67 } }
      }
    },
    "branchMap": {
      "0": {
        "loc": { "start": { "line": 10, "column": 59 }, "end": { "line": 10, "column": 71 } },
        "type": "binary-expr",
        "locations": [
          { "start": { "line": 10, "column": 59 }, "end": { "line": 10, "column": 69 } },
          { "start": { "line": 10, "column": 69 }, "end": { "line": 10, "column": 71 } }
        ]
      },
      "1": {
        "loc": { "start": { "line": 16, "column": 7 }, "end": { "line": 19, "column": null } },
        "type": "binary-expr",
        "locations": [
          { "start": { "line": 16, "column": 7 }, "end": { "line": 16, "column": null } },
          { "start": { "line": 17, "column": 8 }, "end": { "line": 19, "column": null } }
        ]
      },
      "2": {
        "loc": { "start": { "line": 22, "column": 7 }, "end": { "line": 22, "column": null } },
        "type": "binary-expr",
        "locations": [
          { "start": { "line": 22, "column": 7 }, "end": { "line": 22, "column": 18 } },
          { "start": { "line": 22, "column": 18 }, "end": { "line": 22, "column": null } }
        ]
      },
      "3": {
        "loc": { "start": { "line": 23, "column": 7 }, "end": { "line": 23, "column": null } },
        "type": "binary-expr",
        "locations": [
          { "start": { "line": 23, "column": 7 }, "end": { "line": 23, "column": 15 } },
          { "start": { "line": 23, "column": 15 }, "end": { "line": 23, "column": null } }
        ]
      }
    },
    "s": { "0": 5, "1": 12, "2": 5, "3": 5, "4": 5 },
    "f": { "0": 5, "1": 12 },
    "b": { "0": [5, 5], "1": [5, 5], "2": [5, 0], "3": [5, 0] }
  },
  "C:/E/JS/rs_school/react/react-components/react-components/src/pages/NotFoundPage.tsx": {
    "path": "C:/E/JS/rs_school/react/react-components/react-components/src/pages/NotFoundPage.tsx",
    "statementMap": {
      "0": { "start": { "line": 4, "column": 2 }, "end": { "line": 4, "column": null } }
    },
    "fnMap": {
      "0": {
        "name": "NotFoundPage",
        "decl": { "start": { "line": 3, "column": 9 }, "end": { "line": 3, "column": 24 } },
        "loc": { "start": { "line": 3, "column": 24 }, "end": { "line": 5, "column": null } }
      }
    },
    "branchMap": {},
    "s": { "0": 2 },
    "f": { "0": 2 },
    "b": {}
  },
  "C:/E/JS/rs_school/react/react-components/react-components/src/rickAndMortyApi/GetAllCharacters.tsx": {
    "path": "C:/E/JS/rs_school/react/react-components/react-components/src/rickAndMortyApi/GetAllCharacters.tsx",
    "statementMap": {
      "0": { "start": { "line": 3, "column": 25 }, "end": { "line": 8, "column": null } },
      "1": { "start": { "line": 4, "column": 19 }, "end": { "line": 4, "column": null } },
      "2": { "start": { "line": 5, "column": 39 }, "end": { "line": 5, "column": null } },
      "3": { "start": { "line": 6, "column": 2 }, "end": { "line": 6, "column": null } },
      "4": { "start": { "line": 6, "column": 20 }, "end": { "line": 6, "column": null } },
      "5": { "start": { "line": 7, "column": 2 }, "end": { "line": 7, "column": null } }
    },
    "fnMap": {
      "0": {
        "name": "(anonymous_0)",
        "decl": { "start": { "line": 3, "column": 25 }, "end": { "line": 3, "column": 37 } },
        "loc": { "start": { "line": 3, "column": 37 }, "end": { "line": 8, "column": null } }
      }
    },
    "branchMap": {
      "0": {
        "loc": { "start": { "line": 6, "column": 2 }, "end": { "line": 6, "column": null } },
        "type": "if",
        "locations": [
          { "start": { "line": 6, "column": 2 }, "end": { "line": 6, "column": null } },
          { "start": { "line": 6, "column": 2 }, "end": { "line": 6, "column": null } }
        ]
      }
    },
    "s": { "0": 1, "1": 1, "2": 1, "3": 1, "4": 0, "5": 1 },
    "f": { "0": 1 },
    "b": { "0": [0, 1] }
  },
  "C:/E/JS/rs_school/react/react-components/react-components/src/rickAndMortyApi/GetCharacterByName.tsx": {
    "path": "C:/E/JS/rs_school/react/react-components/react-components/src/rickAndMortyApi/GetCharacterByName.tsx",
    "statementMap": {
      "0": { "start": { "line": 3, "column": 27 }, "end": { "line": 8, "column": null } },
      "1": { "start": { "line": 4, "column": 19 }, "end": { "line": 4, "column": null } },
      "2": { "start": { "line": 5, "column": 41 }, "end": { "line": 5, "column": null } },
      "3": { "start": { "line": 6, "column": 2 }, "end": { "line": 6, "column": null } },
      "4": { "start": { "line": 6, "column": 20 }, "end": { "line": 6, "column": null } },
      "5": { "start": { "line": 7, "column": 2 }, "end": { "line": 7, "column": null } }
    },
    "fnMap": {
      "0": {
        "name": "(anonymous_0)",
        "decl": { "start": { "line": 3, "column": 27 }, "end": { "line": 3, "column": 34 } },
        "loc": { "start": { "line": 3, "column": 51 }, "end": { "line": 8, "column": null } }
      }
    },
    "branchMap": {
      "0": {
        "loc": { "start": { "line": 6, "column": 2 }, "end": { "line": 6, "column": null } },
        "type": "if",
        "locations": [
          { "start": { "line": 6, "column": 2 }, "end": { "line": 6, "column": null } },
          { "start": { "line": 6, "column": 2 }, "end": { "line": 6, "column": null } }
        ]
      }
    },
    "s": { "0": 1, "1": 1, "2": 1, "3": 1, "4": 0, "5": 1 },
    "f": { "0": 1 },
    "b": { "0": [0, 1] }
  },
  "C:/E/JS/rs_school/react/react-components/react-components/src/store/apiSlice.ts": {
    "path": "C:/E/JS/rs_school/react/react-components/react-components/src/store/apiSlice.ts",
    "statementMap": {
      "0": { "start": { "line": 4, "column": 24 }, "end": { "line": 26, "column": null } },
      "1": { "start": { "line": 9, "column": 25 }, "end": { "line": 25, "column": null } },
      "2": { "start": { "line": 11, "column": 30 }, "end": { "line": 13, "column": null } },
      "3": { "start": { "line": 16, "column": 34 }, "end": { "line": 22, "column": null } },
      "4": { "start": { "line": 18, "column": 46 }, "end": { "line": 18, "column": null } },
      "5": { "start": { "line": 23, "column": 54 }, "end": { "line": 23, "column": null } },
      "6": { "start": { "line": 28, "column": 67 }, "end": { "line": 28, "column": null } }
    },
    "fnMap": {
      "0": {
        "name": "(anonymous_0)",
        "decl": { "start": { "line": 9, "column": 13 }, "end": { "line": 9, "column": 14 } },
        "loc": { "start": { "line": 9, "column": 25 }, "end": { "line": 25, "column": null } }
      },
      "1": {
        "name": "(anonymous_1)",
        "decl": { "start": { "line": 11, "column": 13 }, "end": { "line": 11, "column": 14 } },
        "loc": { "start": { "line": 11, "column": 30 }, "end": { "line": 13, "column": null } }
      },
      "2": {
        "name": "(anonymous_2)",
        "decl": { "start": { "line": 16, "column": 13 }, "end": { "line": 16, "column": 14 } },
        "loc": { "start": { "line": 16, "column": 34 }, "end": { "line": 22, "column": null } }
      },
      "3": {
        "name": "(anonymous_3)",
        "decl": { "start": { "line": 18, "column": 24 }, "end": { "line": 18, "column": 25 } },
        "loc": { "start": { "line": 18, "column": 46 }, "end": { "line": 18, "column": null } }
      },
      "4": {
        "name": "(anonymous_4)",
        "decl": { "start": { "line": 23, "column": 25 }, "end": { "line": 23, "column": 26 } },
        "loc": { "start": { "line": 23, "column": 54 }, "end": { "line": 23, "column": null } }
      }
    },
    "branchMap": {
      "0": {
        "loc": { "start": { "line": 18, "column": 46 }, "end": { "line": 18, "column": null } },
        "type": "binary-expr",
        "locations": [
          { "start": { "line": 18, "column": 46 }, "end": { "line": 18, "column": 73 } },
          { "start": { "line": 18, "column": 73 }, "end": { "line": 18, "column": null } }
        ]
      }
    },
    "s": { "0": 3, "1": 3, "2": 0, "3": 2, "4": 0, "5": 0, "6": 3 },
    "f": { "0": 3, "1": 0, "2": 2, "3": 0, "4": 0 },
    "b": { "0": [0, 0] }
  },
  "C:/E/JS/rs_school/react/react-components/react-components/src/store/formCardSlice.ts": {
    "path": "C:/E/JS/rs_school/react/react-components/react-components/src/store/formCardSlice.ts",
    "statementMap": {
      "0": { "start": { "line": 4, "column": 37 }, "end": { "line": 6, "column": null } },
      "1": { "start": { "line": 8, "column": 22 }, "end": { "line": 16, "column": null } },
      "2": { "start": { "line": 13, "column": 6 }, "end": { "line": 13, "column": null } },
      "3": { "start": { "line": 18, "column": 29 }, "end": { "line": 18, "column": null } }
    },
    "fnMap": {
      "0": {
        "name": "(anonymous_0)",
        "decl": { "start": { "line": 12, "column": 4 }, "end": { "line": 12, "column": 14 } },
        "loc": { "start": { "line": 12, "column": 29 }, "end": { "line": 14, "column": null } }
      }
    },
    "branchMap": {},
    "s": { "0": 3, "1": 3, "2": 1, "3": 3 },
    "f": { "0": 1 },
    "b": {}
  },
  "C:/E/JS/rs_school/react/react-components/react-components/src/store/searchBarSlice.ts": {
    "path": "C:/E/JS/rs_school/react/react-components/react-components/src/store/searchBarSlice.ts",
    "statementMap": {
      "0": { "start": { "line": 4, "column": 39 }, "end": { "line": 6, "column": null } },
      "1": { "start": { "line": 8, "column": 20 }, "end": { "line": 16, "column": null } },
      "2": { "start": { "line": 13, "column": 6 }, "end": { "line": 13, "column": null } },
      "3": { "start": { "line": 18, "column": 31 }, "end": { "line": 18, "column": null } }
    },
    "fnMap": {
      "0": {
        "name": "(anonymous_0)",
        "decl": { "start": { "line": 12, "column": 4 }, "end": { "line": 12, "column": 16 } },
        "loc": { "start": { "line": 12, "column": 54 }, "end": { "line": 14, "column": null } }
      }
    },
    "branchMap": {},
    "s": { "0": 3, "1": 3, "2": 0, "3": 3 },
    "f": { "0": 0 },
    "b": {}
  },
  "C:/E/JS/rs_school/react/react-components/react-components/src/store/store.ts": {
    "path": "C:/E/JS/rs_school/react/react-components/react-components/src/store/store.ts",
    "statementMap": {
      "0": { "start": { "line": 6, "column": 21 }, "end": { "line": 14, "column": null } },
      "1": { "start": { "line": 13, "column": 40 }, "end": { "line": 13, "column": null } }
    },
    "fnMap": {
      "0": {
        "name": "(anonymous_0)",
        "decl": { "start": { "line": 13, "column": 14 }, "end": { "line": 13, "column": 15 } },
        "loc": { "start": { "line": 13, "column": 40 }, "end": { "line": 13, "column": null } }
      }
    },
    "branchMap": {},
    "s": { "0": 3, "1": 3 },
    "f": { "0": 3 },
    "b": {}
  }
}
