{"C:/E/JS/rs_school/react/react-components/react-components/src/App.tsx": {"path":"C:/E/JS/rs_school/react/react-components/react-components/src/App.tsx","statementMap":{"0":{"start":{"line":13,"column":2},"end":{"line":23,"column":null}}},"fnMap":{"0":{"name":"App","decl":{"start":{"line":12,"column":9},"end":{"line":12,"column":15}},"loc":{"start":{"line":12,"column":15},"end":{"line":25,"column":null}}}},"branchMap":{},"s":{"0":3},"f":{"0":3},"b":{}}
,"C:/E/JS/rs_school/react/react-components/react-components/src/data.tsx": {"path":"C:/E/JS/rs_school/react/react-components/react-components/src/data.tsx","statementMap":{"0":{"start":{"line":3,"column":40},"end":{"line":1892,"column":null}},"1":{"start":{"line":1896,"column":33},"end":{"line":1915,"column":null}}},"fnMap":{},"branchMap":{},"s":{"0":4,"1":4},"f":{},"b":{}}
,"C:/E/JS/rs_school/react/react-components/react-components/src/components/Cart.tsx": {"path":"C:/E/JS/rs_school/react/react-components/react-components/src/components/Cart.tsx","statementMap":{"0":{"start":{"line":8,"column":4},"end":{"line":8,"column":null}},"1":{"start":{"line":9,"column":4},"end":{"line":9,"column":null}},"2":{"start":{"line":10,"column":4},"end":{"line":10,"column":null}},"3":{"start":{"line":14,"column":4},"end":{"line":14,"column":null}},"4":{"start":{"line":18,"column":38},"end":{"line":18,"column":null}},"5":{"start":{"line":19,"column":4},"end":{"line":48,"column":null}}},"fnMap":{"0":{"name":"(anonymous_0)","decl":{"start":{"line":7,"column":2},"end":{"line":7,"column":14}},"loc":{"start":{"line":7,"column":42},"end":{"line":11,"column":null}}},"1":{"name":"(anonymous_1)","decl":{"start":{"line":13,"column":2},"end":{"line":13,"column":20}},"loc":{"start":{"line":13,"column":20},"end":{"line":15,"column":null}}},"2":{"name":"(anonymous_2)","decl":{"start":{"line":17,"column":2},"end":{"line":17,"column":11}},"loc":{"start":{"line":17,"column":11},"end":{"line":50,"column":null}}}},"branchMap":{},"s":{"0":200,"1":200,"2":200,"3":0,"4":200,"5":200},"f":{"0":200,"1":0,"2":200},"b":{}}
,"C:/E/JS/rs_school/react/react-components/react-components/src/components/CartList.tsx": {"path":"C:/E/JS/rs_school/react/react-components/react-components/src/components/CartList.tsx","statementMap":{"0":{"start":{"line":10,"column":4},"end":{"line":15,"column":null}},"1":{"start":{"line":13,"column":10},"end":{"line":13,"column":null}}},"fnMap":{"0":{"name":"(anonymous_0)","decl":{"start":{"line":9,"column":2},"end":{"line":9,"column":11}},"loc":{"start":{"line":9,"column":11},"end":{"line":17,"column":null}}},"1":{"name":"(anonymous_1)","decl":{"start":{"line":12,"column":22},"end":{"line":12,"column":23}},"loc":{"start":{"line":13,"column":10},"end":{"line":13,"column":null}}}},"branchMap":{},"s":{"0":2,"1":200},"f":{"0":2,"1":200},"b":{}}
,"C:/E/JS/rs_school/react/react-components/react-components/src/components/Footer.tsx": {"path":"C:/E/JS/rs_school/react/react-components/react-components/src/components/Footer.tsx","statementMap":{"0":{"start":{"line":8,"column":4},"end":{"line":30,"column":null}}},"fnMap":{"0":{"name":"(anonymous_0)","decl":{"start":{"line":7,"column":2},"end":{"line":7,"column":11}},"loc":{"start":{"line":7,"column":11},"end":{"line":32,"column":null}}}},"branchMap":{},"s":{"0":5},"f":{"0":5},"b":{}}
,"C:/E/JS/rs_school/react/react-components/react-components/src/components/Header.tsx": {"path":"C:/E/JS/rs_school/react/react-components/react-components/src/components/Header.tsx","statementMap":{"0":{"start":{"line":7,"column":2},"end":{"line":26,"column":null}}},"fnMap":{"0":{"name":"Header","decl":{"start":{"line":6,"column":9},"end":{"line":6,"column":18}},"loc":{"start":{"line":6,"column":18},"end":{"line":28,"column":null}}}},"branchMap":{},"s":{"0":6},"f":{"0":6},"b":{}}
,"C:/E/JS/rs_school/react/react-components/react-components/src/components/SearchBar.tsx": {"path":"C:/E/JS/rs_school/react/react-components/react-components/src/components/SearchBar.tsx","statementMap":{"0":{"start":{"line":6,"column":10},"end":{"line":6,"column":null}},"1":{"start":{"line":8,"column":17},"end":{"line":12,"column":null}},"2":{"start":{"line":9,"column":23},"end":{"line":9,"column":null}},"3":{"start":{"line":10,"column":4},"end":{"line":10,"column":null}},"4":{"start":{"line":11,"column":4},"end":{"line":11,"column":null}},"5":{"start":{"line":15,"column":23},"end":{"line":15,"column":null}},"6":{"start":{"line":16,"column":4},"end":{"line":25,"column":null}}},"fnMap":{"0":{"name":"(anonymous_0)","decl":{"start":{"line":8,"column":17},"end":{"line":8,"column":18}},"loc":{"start":{"line":8,"column":59},"end":{"line":12,"column":null}}},"1":{"name":"(anonymous_1)","decl":{"start":{"line":14,"column":2},"end":{"line":14,"column":11}},"loc":{"start":{"line":14,"column":11},"end":{"line":27,"column":null}}}},"branchMap":{"0":{"loc":{"start":{"line":6,"column":24},"end":{"line":6,"column":66}},"type":"binary-expr","locations":[{"start":{"line":6,"column":24},"end":{"line":6,"column":63}},{"start":{"line":6,"column":63},"end":{"line":6,"column":66}}]}},"s":{"0":2,"1":2,"2":0,"3":0,"4":0,"5":2,"6":2},"f":{"0":0,"1":2},"b":{"0":[2,2]}}
,"C:/E/JS/rs_school/react/react-components/react-components/src/components/forms/UserBirthdate.tsx": {"path":"C:/E/JS/rs_school/react/react-components/react-components/src/components/forms/UserBirthdate.tsx","statementMap":{"0":{"start":{"line":6,"column":4},"end":{"line":6,"column":null}},"1":{"start":{"line":7,"column":4},"end":{"line":7,"column":null}},"2":{"start":{"line":11,"column":4},"end":{"line":20,"column":null}}},"fnMap":{"0":{"name":"(anonymous_0)","decl":{"start":{"line":5,"column":2},"end":{"line":5,"column":14}},"loc":{"start":{"line":5,"column":35},"end":{"line":8,"column":null}}},"1":{"name":"(anonymous_1)","decl":{"start":{"line":10,"column":2},"end":{"line":10,"column":11}},"loc":{"start":{"line":10,"column":11},"end":{"line":22,"column":null}}}},"branchMap":{"0":{"loc":{"start":{"line":17,"column":9},"end":{"line":18,"column":null}},"type":"binary-expr","locations":[{"start":{"line":17,"column":9},"end":{"line":17,"column":null}},{"start":{"line":18,"column":10},"end":{"line":18,"column":null}}]}},"s":{"0":8,"1":8,"2":8},"f":{"0":8,"1":8},"b":{"0":[8,1]}}
,"C:/E/JS/rs_school/react/react-components/react-components/src/components/forms/UserCard.tsx": {"path":"C:/E/JS/rs_school/react/react-components/react-components/src/components/forms/UserCard.tsx","statementMap":{"0":{"start":{"line":6,"column":4},"end":{"line":6,"column":null}},"1":{"start":{"line":7,"column":4},"end":{"line":7,"column":null}},"2":{"start":{"line":8,"column":4},"end":{"line":8,"column":null}},"3":{"start":{"line":12,"column":4},"end":{"line":12,"column":null}},"4":{"start":{"line":16,"column":35},"end":{"line":16,"column":null}},"5":{"start":{"line":17,"column":24},"end":{"line":17,"column":null}},"6":{"start":{"line":18,"column":4},"end":{"line":48,"column":null}}},"fnMap":{"0":{"name":"(anonymous_0)","decl":{"start":{"line":5,"column":2},"end":{"line":5,"column":14}},"loc":{"start":{"line":5,"column":42},"end":{"line":9,"column":null}}},"1":{"name":"(anonymous_1)","decl":{"start":{"line":11,"column":2},"end":{"line":11,"column":20}},"loc":{"start":{"line":11,"column":20},"end":{"line":13,"column":null}}},"2":{"name":"(anonymous_2)","decl":{"start":{"line":15,"column":2},"end":{"line":15,"column":11}},"loc":{"start":{"line":15,"column":11},"end":{"line":50,"column":null}}}},"branchMap":{},"s":{"0":0,"1":0,"2":0,"3":0,"4":0,"5":0,"6":0},"f":{"0":0,"1":0,"2":0},"b":{}}
,"C:/E/JS/rs_school/react/react-components/react-components/src/components/forms/UserCountry.tsx": {"path":"C:/E/JS/rs_school/react/react-components/react-components/src/components/forms/UserCountry.tsx","statementMap":{"0":{"start":{"line":7,"column":4},"end":{"line":7,"column":null}},"1":{"start":{"line":8,"column":4},"end":{"line":8,"column":null}},"2":{"start":{"line":12,"column":4},"end":{"line":27,"column":null}},"3":{"start":{"line":18,"column":14},"end":{"line":20,"column":null}}},"fnMap":{"0":{"name":"(anonymous_0)","decl":{"start":{"line":6,"column":2},"end":{"line":6,"column":14}},"loc":{"start":{"line":6,"column":38},"end":{"line":9,"column":null}}},"1":{"name":"(anonymous_1)","decl":{"start":{"line":11,"column":2},"end":{"line":11,"column":11}},"loc":{"start":{"line":11,"column":11},"end":{"line":29,"column":null}}},"2":{"name":"(anonymous_2)","decl":{"start":{"line":17,"column":25},"end":{"line":17,"column":26}},"loc":{"start":{"line":18,"column":14},"end":{"line":20,"column":null}}}},"branchMap":{"0":{"loc":{"start":{"line":24,"column":9},"end":{"line":25,"column":null}},"type":"binary-expr","locations":[{"start":{"line":24,"column":9},"end":{"line":24,"column":null}},{"start":{"line":25,"column":10},"end":{"line":25,"column":null}}]}},"s":{"0":8,"1":8,"2":8,"3":144},"f":{"0":8,"1":8,"2":144},"b":{"0":[8,1]}}
,"C:/E/JS/rs_school/react/react-components/react-components/src/components/forms/UserFile.tsx": {"path":"C:/E/JS/rs_school/react/react-components/react-components/src/components/forms/UserFile.tsx","statementMap":{"0":{"start":{"line":6,"column":4},"end":{"line":6,"column":null}},"1":{"start":{"line":7,"column":4},"end":{"line":7,"column":null}},"2":{"start":{"line":11,"column":4},"end":{"line":20,"column":null}}},"fnMap":{"0":{"name":"(anonymous_0)","decl":{"start":{"line":5,"column":2},"end":{"line":5,"column":14}},"loc":{"start":{"line":5,"column":35},"end":{"line":8,"column":null}}},"1":{"name":"(anonymous_1)","decl":{"start":{"line":10,"column":2},"end":{"line":10,"column":11}},"loc":{"start":{"line":10,"column":11},"end":{"line":22,"column":null}}}},"branchMap":{"0":{"loc":{"start":{"line":17,"column":9},"end":{"line":18,"column":null}},"type":"binary-expr","locations":[{"start":{"line":17,"column":9},"end":{"line":17,"column":null}},{"start":{"line":18,"column":10},"end":{"line":18,"column":null}}]}},"s":{"0":8,"1":8,"2":8},"f":{"0":8,"1":8},"b":{"0":[8,1]}}
,"C:/E/JS/rs_school/react/react-components/react-components/src/components/forms/UserGender.tsx": {"path":"C:/E/JS/rs_school/react/react-components/react-components/src/components/forms/UserGender.tsx","statementMap":{"0":{"start":{"line":6,"column":4},"end":{"line":6,"column":null}},"1":{"start":{"line":7,"column":4},"end":{"line":7,"column":null}},"2":{"start":{"line":11,"column":4},"end":{"line":34,"column":null}}},"fnMap":{"0":{"name":"(anonymous_0)","decl":{"start":{"line":5,"column":2},"end":{"line":5,"column":14}},"loc":{"start":{"line":5,"column":35},"end":{"line":8,"column":null}}},"1":{"name":"(anonymous_1)","decl":{"start":{"line":10,"column":2},"end":{"line":10,"column":11}},"loc":{"start":{"line":10,"column":11},"end":{"line":36,"column":null}}}},"branchMap":{},"s":{"0":9,"1":9,"2":9},"f":{"0":9,"1":9},"b":{}}
,"C:/E/JS/rs_school/react/react-components/react-components/src/components/forms/UserName.tsx": {"path":"C:/E/JS/rs_school/react/react-components/react-components/src/components/forms/UserName.tsx","statementMap":{"0":{"start":{"line":6,"column":4},"end":{"line":6,"column":null}},"1":{"start":{"line":7,"column":4},"end":{"line":7,"column":null}},"2":{"start":{"line":11,"column":4},"end":{"line":20,"column":null}}},"fnMap":{"0":{"name":"(anonymous_0)","decl":{"start":{"line":5,"column":2},"end":{"line":5,"column":14}},"loc":{"start":{"line":5,"column":35},"end":{"line":8,"column":null}}},"1":{"name":"(anonymous_1)","decl":{"start":{"line":10,"column":2},"end":{"line":10,"column":11}},"loc":{"start":{"line":10,"column":11},"end":{"line":22,"column":null}}}},"branchMap":{"0":{"loc":{"start":{"line":17,"column":9},"end":{"line":18,"column":null}},"type":"binary-expr","locations":[{"start":{"line":17,"column":9},"end":{"line":17,"column":null}},{"start":{"line":18,"column":10},"end":{"line":18,"column":null}}]}},"s":{"0":8,"1":8,"2":8},"f":{"0":8,"1":8},"b":{"0":[8,1]}}
,"C:/E/JS/rs_school/react/react-components/react-components/src/components/forms/UserUpdatesAgree.tsx": {"path":"C:/E/JS/rs_school/react/react-components/react-components/src/components/forms/UserUpdatesAgree.tsx","statementMap":{"0":{"start":{"line":6,"column":4},"end":{"line":6,"column":null}},"1":{"start":{"line":7,"column":4},"end":{"line":7,"column":null}},"2":{"start":{"line":11,"column":4},"end":{"line":16,"column":null}}},"fnMap":{"0":{"name":"(anonymous_0)","decl":{"start":{"line":5,"column":2},"end":{"line":5,"column":14}},"loc":{"start":{"line":5,"column":35},"end":{"line":8,"column":null}}},"1":{"name":"(anonymous_1)","decl":{"start":{"line":10,"column":2},"end":{"line":10,"column":11}},"loc":{"start":{"line":10,"column":11},"end":{"line":18,"column":null}}}},"branchMap":{},"s":{"0":8,"1":8,"2":8},"f":{"0":8,"1":8},"b":{}}
,"C:/E/JS/rs_school/react/react-components/react-components/src/pages/AboutUsPage.tsx": {"path":"C:/E/JS/rs_school/react/react-components/react-components/src/pages/AboutUsPage.tsx","statementMap":{"0":{"start":{"line":4,"column":2},"end":{"line":4,"column":null}}},"fnMap":{"0":{"name":"AboutUsPage","decl":{"start":{"line":3,"column":9},"end":{"line":3,"column":23}},"loc":{"start":{"line":3,"column":23},"end":{"line":5,"column":null}}}},"branchMap":{},"s":{"0":2},"f":{"0":2},"b":{}}
,"C:/E/JS/rs_school/react/react-components/react-components/src/pages/FormPage.tsx": {"path":"C:/E/JS/rs_school/react/react-components/react-components/src/pages/FormPage.tsx","statementMap":{"0":{"start":{"line":32,"column":4},"end":{"line":32,"column":null}},"1":{"start":{"line":33,"column":4},"end":{"line":33,"column":null}},"2":{"start":{"line":34,"column":4},"end":{"line":34,"column":null}},"3":{"start":{"line":35,"column":4},"end":{"line":35,"column":null}},"4":{"start":{"line":36,"column":4},"end":{"line":36,"column":null}},"5":{"start":{"line":37,"column":4},"end":{"line":37,"column":null}},"6":{"start":{"line":38,"column":4},"end":{"line":38,"column":null}},"7":{"start":{"line":39,"column":4},"end":{"line":39,"column":null}},"8":{"start":{"line":40,"column":4},"end":{"line":40,"column":null}},"9":{"start":{"line":41,"column":4},"end":{"line":41,"column":null}},"10":{"start":{"line":42,"column":4},"end":{"line":42,"column":null}},"11":{"start":{"line":43,"column":4},"end":{"line":43,"column":null}},"12":{"start":{"line":44,"column":4},"end":{"line":44,"column":null}},"13":{"start":{"line":45,"column":4},"end":{"line":45,"column":null}},"14":{"start":{"line":46,"column":4},"end":{"line":46,"column":null}},"15":{"start":{"line":47,"column":4},"end":{"line":47,"column":null}},"16":{"start":{"line":48,"column":4},"end":{"line":48,"column":null}},"17":{"start":{"line":49,"column":4},"end":{"line":49,"column":null}},"18":{"start":{"line":53,"column":4},"end":{"line":57,"column":null}},"19":{"start":{"line":58,"column":4},"end":{"line":58,"column":null}},"20":{"start":{"line":59,"column":4},"end":{"line":59,"column":null}},"21":{"start":{"line":60,"column":4},"end":{"line":60,"column":null}},"22":{"start":{"line":61,"column":4},"end":{"line":63,"column":null}},"23":{"start":{"line":62,"column":6},"end":{"line":62,"column":null}},"24":{"start":{"line":63,"column":11},"end":{"line":63,"column":null}},"25":{"start":{"line":67,"column":4},"end":{"line":67,"column":null}},"26":{"start":{"line":68,"column":4},"end":{"line":68,"column":null}},"27":{"start":{"line":72,"column":35},"end":{"line":82,"column":null}},"28":{"start":{"line":83,"column":4},"end":{"line":83,"column":null}},"29":{"start":{"line":84,"column":4},"end":{"line":84,"column":null}},"30":{"start":{"line":85,"column":4},"end":{"line":85,"column":null}},"31":{"start":{"line":86,"column":4},"end":{"line":86,"column":null}},"32":{"start":{"line":90,"column":4},"end":{"line":90,"column":null}},"33":{"start":{"line":91,"column":4},"end":{"line":91,"column":null}},"34":{"start":{"line":91,"column":21},"end":{"line":91,"column":67}},"35":{"start":{"line":95,"column":4},"end":{"line":95,"column":null}},"36":{"start":{"line":95,"column":34},"end":{"line":95,"column":null}},"37":{"start":{"line":96,"column":4},"end":{"line":96,"column":null}},"38":{"start":{"line":96,"column":39},"end":{"line":96,"column":null}},"39":{"start":{"line":97,"column":4},"end":{"line":97,"column":null}},"40":{"start":{"line":97,"column":37},"end":{"line":97,"column":null}},"41":{"start":{"line":98,"column":4},"end":{"line":98,"column":null}},"42":{"start":{"line":98,"column":42},"end":{"line":98,"column":null}},"43":{"start":{"line":99,"column":4},"end":{"line":99,"column":null}},"44":{"start":{"line":99,"column":40},"end":{"line":99,"column":null}},"45":{"start":{"line":100,"column":4},"end":{"line":100,"column":null}},"46":{"start":{"line":100,"column":42},"end":{"line":100,"column":null}},"47":{"start":{"line":101,"column":4},"end":{"line":101,"column":null}},"48":{"start":{"line":101,"column":34},"end":{"line":101,"column":null}},"49":{"start":{"line":105,"column":4},"end":{"line":147,"column":null}},"50":{"start":{"line":144,"column":12},"end":{"line":144,"column":null}}},"fnMap":{"0":{"name":"(anonymous_0)","decl":{"start":{"line":31,"column":2},"end":{"line":31,"column":14}},"loc":{"start":{"line":31,"column":35},"end":{"line":50,"column":null}}},"1":{"name":"(anonymous_1)","decl":{"start":{"line":52,"column":2},"end":{"line":52,"column":18}},"loc":{"start":{"line":52,"column":18},"end":{"line":64,"column":null}}},"2":{"name":"(anonymous_2)","decl":{"start":{"line":66,"column":2},"end":{"line":66,"column":15}},"loc":{"start":{"line":66,"column":50},"end":{"line":69,"column":null}}},"3":{"name":"(anonymous_3)","decl":{"start":{"line":71,"column":2},"end":{"line":71,"column":22}},"loc":{"start":{"line":71,"column":22},"end":{"line":87,"column":null}}},"4":{"name":"(anonymous_4)","decl":{"start":{"line":89,"column":2},"end":{"line":89,"column":8}},"loc":{"start":{"line":89,"column":48},"end":{"line":92,"column":null}}},"5":{"name":"(anonymous_5)","decl":{"start":{"line":91,"column":15},"end":{"line":91,"column":21}},"loc":{"start":{"line":91,"column":21},"end":{"line":91,"column":67}}},"6":{"name":"(anonymous_6)","decl":{"start":{"line":94,"column":2},"end":{"line":94,"column":20}},"loc":{"start":{"line":94,"column":20},"end":{"line":102,"column":null}}},"7":{"name":"(anonymous_7)","decl":{"start":{"line":104,"column":2},"end":{"line":104,"column":11}},"loc":{"start":{"line":104,"column":11},"end":{"line":149,"column":null}}},"8":{"name":"(anonymous_8)","decl":{"start":{"line":143,"column":34},"end":{"line":143,"column":35}},"loc":{"start":{"line":144,"column":12},"end":{"line":144,"column":null}}}},"branchMap":{"0":{"loc":{"start":{"line":53,"column":25},"end":{"line":57,"column":null}},"type":"cond-expr","locations":[{"start":{"line":54,"column":8},"end":{"line":54,"column":null}},{"start":{"line":55,"column":8},"end":{"line":57,"column":null}}]},"1":{"loc":{"start":{"line":55,"column":8},"end":{"line":57,"column":null}},"type":"cond-expr","locations":[{"start":{"line":56,"column":8},"end":{"line":56,"column":null}},{"start":{"line":57,"column":8},"end":{"line":57,"column":null}}]},"2":{"loc":{"start":{"line":58,"column":30},"end":{"line":58,"column":null}},"type":"cond-expr","locations":[{"start":{"line":58,"column":83},"end":{"line":58,"column":91}},{"start":{"line":58,"column":91},"end":{"line":58,"column":null}}]},"3":{"loc":{"start":{"line":59,"column":29},"end":{"line":59,"column":null}},"type":"cond-expr","locations":[{"start":{"line":59,"column":77},"end":{"line":59,"column":85}},{"start":{"line":59,"column":85},"end":{"line":59,"column":null}}]},"4":{"loc":{"start":{"line":60,"column":28},"end":{"line":60,"column":null}},"type":"cond-expr","locations":[{"start":{"line":60,"column":76},"end":{"line":60,"column":84}},{"start":{"line":60,"column":84},"end":{"line":60,"column":null}}]},"5":{"loc":{"start":{"line":61,"column":4},"end":{"line":63,"column":null}},"type":"if","locations":[{"start":{"line":61,"column":4},"end":{"line":63,"column":null}},{"start":{"line":63,"column":11},"end":{"line":63,"column":null}}]},"6":{"loc":{"start":{"line":61,"column":8},"end":{"line":61,"column":81}},"type":"binary-expr","locations":[{"start":{"line":61,"column":8},"end":{"line":61,"column":30}},{"start":{"line":61,"column":30},"end":{"line":61,"column":57}},{"start":{"line":61,"column":57},"end":{"line":61,"column":81}}]},"7":{"loc":{"start":{"line":78,"column":8},"end":{"line":80,"column":null}},"type":"cond-expr","locations":[{"start":{"line":79,"column":12},"end":{"line":79,"column":null}},{"start":{"line":80,"column":12},"end":{"line":80,"column":null}}]},"8":{"loc":{"start":{"line":81,"column":18},"end":{"line":81,"column":null}},"type":"cond-expr","locations":[{"start":{"line":81,"column":69},"end":{"line":81,"column":78}},{"start":{"line":81,"column":78},"end":{"line":81,"column":null}}]},"9":{"loc":{"start":{"line":95,"column":4},"end":{"line":95,"column":null}},"type":"if","locations":[{"start":{"line":95,"column":4},"end":{"line":95,"column":null}},{"start":{"line":95,"column":4},"end":{"line":95,"column":null}}]},"10":{"loc":{"start":{"line":96,"column":4},"end":{"line":96,"column":null}},"type":"if","locations":[{"start":{"line":96,"column":4},"end":{"line":96,"column":null}},{"start":{"line":96,"column":4},"end":{"line":96,"column":null}}]},"11":{"loc":{"start":{"line":97,"column":4},"end":{"line":97,"column":null}},"type":"if","locations":[{"start":{"line":97,"column":4},"end":{"line":97,"column":null}},{"start":{"line":97,"column":4},"end":{"line":97,"column":null}}]},"12":{"loc":{"start":{"line":98,"column":4},"end":{"line":98,"column":null}},"type":"if","locations":[{"start":{"line":98,"column":4},"end":{"line":98,"column":null}},{"start":{"line":98,"column":4},"end":{"line":98,"column":null}}]},"13":{"loc":{"start":{"line":99,"column":4},"end":{"line":99,"column":null}},"type":"if","locations":[{"start":{"line":99,"column":4},"end":{"line":99,"column":null}},{"start":{"line":99,"column":4},"end":{"line":99,"column":null}}]},"14":{"loc":{"start":{"line":100,"column":4},"end":{"line":100,"column":null}},"type":"if","locations":[{"start":{"line":100,"column":4},"end":{"line":100,"column":null}},{"start":{"line":100,"column":4},"end":{"line":100,"column":null}}]},"15":{"loc":{"start":{"line":101,"column":4},"end":{"line":101,"column":null}},"type":"if","locations":[{"start":{"line":101,"column":4},"end":{"line":101,"column":null}},{"start":{"line":101,"column":4},"end":{"line":101,"column":null}}]},"16":{"loc":{"start":{"line":138,"column":11},"end":{"line":139,"column":null}},"type":"binary-expr","locations":[{"start":{"line":138,"column":11},"end":{"line":138,"column":null}},{"start":{"line":139,"column":12},"end":{"line":139,"column":null}}]}},"s":{"0":7,"1":7,"2":7,"3":7,"4":7,"5":7,"6":7,"7":7,"8":7,"9":7,"10":7,"11":7,"12":7,"13":7,"14":7,"15":7,"16":7,"17":7,"18":0,"19":0,"20":0,"21":0,"22":0,"23":0,"24":0,"25":0,"26":0,"27":0,"28":0,"29":0,"30":0,"31":0,"32":0,"33":0,"34":0,"35":0,"36":0,"37":0,"38":0,"39":0,"40":0,"41":0,"42":0,"43":0,"44":0,"45":0,"46":0,"47":0,"48":0,"49":7,"50":0},"f":{"0":7,"1":0,"2":0,"3":0,"4":0,"5":0,"6":0,"7":7,"8":0},"b":{"0":[0,0],"1":[0,0],"2":[0,0],"3":[0,0],"4":[0,0],"5":[0,0],"6":[0,0,0],"7":[0,0],"8":[0,0],"9":[0,0],"10":[0,0],"11":[0,0],"12":[0,0],"13":[0,0],"14":[0,0],"15":[0,0],"16":[7,0]}}
,"C:/E/JS/rs_school/react/react-components/react-components/src/pages/HomePage.tsx": {"path":"C:/E/JS/rs_school/react/react-components/react-components/src/pages/HomePage.tsx","statementMap":{"0":{"start":{"line":7,"column":2},"end":{"line":11,"column":null}}},"fnMap":{"0":{"name":"HomePage","decl":{"start":{"line":6,"column":9},"end":{"line":6,"column":20}},"loc":{"start":{"line":6,"column":20},"end":{"line":13,"column":null}}}},"branchMap":{},"s":{"0":2},"f":{"0":2},"b":{}}
,"C:/E/JS/rs_school/react/react-components/react-components/src/pages/NotFoundPage.tsx": {"path":"C:/E/JS/rs_school/react/react-components/react-components/src/pages/NotFoundPage.tsx","statementMap":{"0":{"start":{"line":4,"column":2},"end":{"line":4,"column":null}}},"fnMap":{"0":{"name":"NotFoundPage","decl":{"start":{"line":3,"column":9},"end":{"line":3,"column":24}},"loc":{"start":{"line":3,"column":24},"end":{"line":5,"column":null}}}},"branchMap":{},"s":{"0":2},"f":{"0":2},"b":{}}
}
